<?xml version="1.0" encoding="UTF-8"?>
<robot generator="Robot 6.1.1 (Python 3.12.0 on win32)" generated="20231207 13:47:16.067" rpa="false" schemaversion="4">
<suite id="s1" name="Radiobuttons" source="C:\Users\Arjun Srikar\Desktop\Learn_Automation\Git_Cloned_Robot_Framework\Robot_FrameWork\TestCases\Radiobuttons.robot">
<test id="s1-t1" name="TestingInputBox" line="9">
<kw name="Open Browser" library="SeleniumLibrary">
<arg>${url}</arg>
<arg>${browser}</arg>
<doc>Opens a new browser instance to the optional ``url``.</doc>
<msg timestamp="20231207 13:47:16.900" level="INFO">Opening browser 'chrome' to base url 'https://seleniumbase.io/demo_page'.</msg>
<status status="PASS" starttime="20231207 13:47:16.900" endtime="20231207 13:47:21.353"/>
</kw>
<kw name="Maximize Browser Window" library="SeleniumLibrary">
<doc>Maximizes current browser window.</doc>
<status status="PASS" starttime="20231207 13:47:21.353" endtime="20231207 13:47:21.476"/>
</kw>
<kw name="Title Should Be" library="SeleniumLibrary">
<arg>Web Testing Page</arg>
<doc>Verifies that the current page title equals ``title``.</doc>
<msg timestamp="20231207 13:47:21.489" level="INFO">Page title is 'Web Testing Page'.</msg>
<status status="PASS" starttime="20231207 13:47:21.477" endtime="20231207 13:47:21.493"/>
</kw>
<kw name="Sleep" library="BuiltIn">
<arg>5</arg>
<doc>Pauses the test executed for the given time.</doc>
<msg timestamp="20231207 13:47:26.493" level="INFO">Slept 5 seconds</msg>
<status status="PASS" starttime="20231207 13:47:21.493" endtime="20231207 13:47:26.493"/>
</kw>
<kw name="Select Checkbox" library="SeleniumLibrary">
<arg>checkBoxName1</arg>
<doc>Selects the checkbox identified by ``locator``.</doc>
<msg timestamp="20231207 13:47:26.496" level="INFO">Selecting checkbox 'checkBoxName1'.</msg>
<status status="PASS" starttime="20231207 13:47:26.493" endtime="20231207 13:47:26.774"/>
</kw>
<status status="PASS" starttime="20231207 13:47:16.900" endtime="20231207 13:47:26.774"/>
</test>
<status status="PASS" starttime="20231207 13:47:16.067" endtime="20231207 13:47:26.776"/>
</suite>
<statistics>
<total>
<stat pass="1" fail="0" skip="0">All Tests</stat>
</total>
<tag>
</tag>
<suite>
<stat pass="1" fail="0" skip="0" id="s1" name="Radiobuttons">Radiobuttons</stat>
</suite>
</statistics>
<errors>
</errors>
</robot>
